<?xml version="1.0" encoding="UTF-8"?>
<robot generator="Robot 5.0.1 (Python 3.9.13 on win32)" generated="20230629 08:52:46.512" rpa="true" schemaversion="3">
<suite id="s1" name="Tasks" source="C:\Users\ddeline\Documents\GitHub\DMBI-IntelligentAutomation-Research\DaveD\Robocorp\order_robots\tasks.robot">
<test id="s1-t1" name="Submit robot orders from csv file" line="19">
<kw name="Log" library="BuiltIn">
<arg>Starting</arg>
<doc>Logs the given message with the given level.</doc>
<msg timestamp="20230629 08:53:01.652" level="INFO">Starting</msg>
<status status="PASS" starttime="20230629 08:53:01.651" endtime="20230629 08:53:01.657"/>
</kw>
<kw name="Open the robot orders website">
<kw name="Open Available Browser" library="RPA.Browser.Selenium">
<arg>https://robotsparebinindustries.com/#/robot-order</arg>
<doc>Attempts to open a browser on the user's device from a set of
supported browsers. Automatically downloads a corresponding webdriver
if none is already installed.</doc>
<msg timestamp="20230629 08:53:01.662" level="INFO">Creating an instance of the Chrome WebDriver.</msg>
<msg timestamp="20230629 08:53:08.168" level="INFO">Created Chrome browser with arguments: --disable-dev-shm-usage --disable-web-security --allow-running-insecure-content --no-sandbox</msg>
<msg timestamp="20230629 08:53:08.169" level="INFO" html="true">&lt;p&gt;Attempted combinations:&lt;/p&gt;&lt;div class="doc"&gt;&lt;table&gt;&lt;tr&gt;&lt;th&gt;Browser&lt;/th&gt;&lt;th&gt;Download&lt;/th&gt;&lt;th&gt;Error&lt;/th&gt;&lt;/tr&gt;&lt;tr&gt;&lt;td&gt;Chrome&lt;/td&gt;&lt;td&gt;False&lt;/td&gt;&lt;td&gt;&lt;/td&gt;&lt;/tr&gt;&lt;/table&gt;&lt;/div&gt;</msg>
<msg timestamp="20230629 08:53:08.169" level="INFO">Opening url 'https://robotsparebinindustries.com/#/robot-order'</msg>
<status status="PASS" starttime="20230629 08:53:01.660" endtime="20230629 08:53:09.435"/>
</kw>
<status status="PASS" starttime="20230629 08:53:01.658" endtime="20230629 08:53:09.436"/>
</kw>
<kw name="Download csv orders">
<kw name="Download" library="RPA.HTTP">
<arg>https://robotsparebinindustries.com/orders.csv</arg>
<arg>overwrite=True</arg>
<arg>verify=False</arg>
<doc>An alias for the ``HTTP Get`` keyword.</doc>
<msg timestamp="20230629 08:53:09.441" level="INFO">Creating a new HTTP session</msg>
<msg timestamp="20230629 08:53:09.442" level="INFO">Creating Session using : alias=rpasession_alias.httpsrobotsparebinindustries.com, url=https://robotsparebinindustries.com, headers={},                     cookies={}, auth=None, timeout=None, proxies=None, verify=False,                     debug=0 </msg>
<msg timestamp="20230629 08:53:09.999" level="INFO">c:\ProgramData\robocorp\ht\b6c2315_b1f3c24_1c0bc041\lib\site-packages\urllib3\connectionpool.py:1095: InsecureRequestWarning: Unverified HTTPS request is being made to host 'robotsparebinindustries.com'. Adding certificate verification is strongly advised. See: https://urllib3.readthedocs.io/en/latest/advanced-usage.html#tls-warnings
  warnings.warn(</msg>
<status status="PASS" starttime="20230629 08:53:09.439" endtime="20230629 08:53:10.002"/>
</kw>
<status status="PASS" starttime="20230629 08:53:09.438" endtime="20230629 08:53:10.003"/>
</kw>
<kw name="Empty receipts directory">
<kw name="Does Directory Not Exist" library="RPA.FileSystem">
<var>${status}</var>
<arg>${OUTPUT_DIR}${/}order_receipts</arg>
<doc>Returns True if the directory does not exist, False if it does.</doc>
<msg timestamp="20230629 08:53:10.012" level="INFO">${status} = True</msg>
<status status="PASS" starttime="20230629 08:53:10.006" endtime="20230629 08:53:10.012"/>
</kw>
<if>
<branch type="IF" condition="${status} == ${False}">
<kw name="Create Directory" library="RPA.FileSystem">
<arg>${OUTPUT_DIR}${/}order_receipts</arg>
<doc>Creates a directory and (optionally) non-existing parent directories.</doc>
<status status="NOT RUN" starttime="20230629 08:53:10.014" endtime="20230629 08:53:10.015"/>
</kw>
<status status="NOT RUN" starttime="20230629 08:53:10.013" endtime="20230629 08:53:10.016"/>
</branch>
<branch type="ELSE">
<kw name="Empty Directory" library="RPA.FileSystem">
<arg>${OUTPUT_DIR}${/}order_receipts</arg>
<doc>Removes all the files in the given directory.</doc>
<status status="PASS" starttime="20230629 08:53:10.017" endtime="20230629 08:53:10.022"/>
</kw>
<status status="PASS" starttime="20230629 08:53:10.016" endtime="20230629 08:53:10.022"/>
</branch>
<status status="PASS" starttime="20230629 08:53:10.013" endtime="20230629 08:53:10.022"/>
</if>
<status status="PASS" starttime="20230629 08:53:10.004" endtime="20230629 08:53:10.023"/>
</kw>
<kw name="Submit orders from csv">
<kw name="Read table from CSV" library="RPA.Tables">
<var>${robot_orders}</var>
<arg>orders.csv</arg>
<arg>header=${True}</arg>
<doc>Read a CSV file as a table.</doc>
<msg timestamp="20230629 08:53:10.056" level="INFO">${robot_orders} = Table(columns=['Order number', 'Head', 'Body', 'Legs', 'Address'], rows=20)</msg>
<status status="PASS" starttime="20230629 08:53:10.030" endtime="20230629 08:53:10.056"/>
</kw>
<kw name="Log" library="BuiltIn">
<arg>${robot_orders}</arg>
<doc>Logs the given message with the given level.</doc>
<msg timestamp="20230629 08:53:10.060" level="INFO">Table(columns=['Order number', 'Head', 'Body', 'Legs', 'Address'], rows=20)</msg>
<status status="PASS" starttime="20230629 08:53:10.057" endtime="20230629 08:53:10.060"/>
</kw>
<for flavor="IN">
<var>${robot_order}</var>
<value>@{robot_orders}</value>
<iter>
<var name="${robot_order}">{'Order number': '1', 'Head': '1', 'Body': '2', 'Legs': '3', 'Address': 'Address 123'}</var>
<kw name="Log" library="BuiltIn">
<arg>${robot_order}</arg>
<doc>Logs the given message with the given level.</doc>
<msg timestamp="20230629 08:53:10.066" level="INFO">{'Order number': '1', 'Head': '1', 'Body': '2', 'Legs': '3', 'Address': 'Address 123'}</msg>
<status status="PASS" starttime="20230629 08:53:10.064" endtime="20230629 08:53:10.066"/>
</kw>
<kw name="Submit order">
<arg>${robot_order}</arg>
<kw name="Wait Until Page Contains Element" library="RPA.Browser.Selenium">
<arg>css:#root &gt; div &gt; div.modal &gt; div &gt; div &gt; div &gt; div &gt; div &gt; button.btn.btn-dark</arg>
<doc>Waits until the element ``locator`` appears on the current page.</doc>
<status status="PASS" starttime="20230629 08:53:10.069" endtime="20230629 08:53:10.119"/>
</kw>
<kw name="Click Button" library="RPA.Browser.Selenium">
<arg>css:#root &gt; div &gt; div.modal &gt; div &gt; div &gt; div &gt; div &gt; div &gt; button.btn.btn-dark</arg>
<doc>Clicks the button identified by ``locator``.</doc>
<msg timestamp="20230629 08:53:10.121" level="INFO">Clicking button 'css:#root &gt; div &gt; div.modal &gt; div &gt; div &gt; div &gt; div &gt; div &gt; button.btn.btn-dark'.</msg>
<status status="PASS" starttime="20230629 08:53:10.120" endtime="20230629 08:53:10.324"/>
</kw>
<kw name="Wait Until Page Contains Element" library="RPA.Browser.Selenium">
<arg>css:#head</arg>
<doc>Waits until the element ``locator`` appears on the current page.</doc>
<status status="PASS" starttime="20230629 08:53:10.325" endtime="20230629 08:53:10.353"/>
</kw>
<kw name="Log" library="BuiltIn">
<arg>${robot_order}</arg>
<doc>Logs the given message with the given level.</doc>
<msg timestamp="20230629 08:53:10.355" level="INFO">{'Order number': '1', 'Head': '1', 'Body': '2', 'Legs': '3', 'Address': 'Address 123'}</msg>
<status status="PASS" starttime="20230629 08:53:10.354" endtime="20230629 08:53:10.355"/>
</kw>
<kw name="Log" library="BuiltIn">
<arg>head value is ${robot_order}[Head]</arg>
<doc>Logs the given message with the given level.</doc>
<msg timestamp="20230629 08:53:10.358" level="INFO">head value is 1</msg>
<status status="PASS" starttime="20230629 08:53:10.356" endtime="20230629 08:53:10.358"/>
</kw>
<kw name="Select From List By Value" library="RPA.Browser.Selenium">
<arg>css:#head</arg>
<arg>${robot_order}[Head]</arg>
<doc>Selects options from selection list ``locator`` by ``values``.</doc>
<msg timestamp="20230629 08:53:10.361" level="INFO">Selecting options from selection list 'css:#head' by value 1.</msg>
<status status="PASS" starttime="20230629 08:53:10.359" endtime="20230629 08:53:10.550"/>
</kw>
<kw name="Click Element" library="RPA.Browser.Selenium">
<arg>id:id-body-${robot_order}[Body]</arg>
<doc>Click the element identified by ``locator``.</doc>
<msg timestamp="20230629 08:53:10.553" level="INFO">Clicking element 'id:id-body-2'.</msg>
<status status="PASS" starttime="20230629 08:53:10.551" endtime="20230629 08:53:10.691"/>
</kw>
<kw name="Input Text" library="RPA.Browser.Selenium">
<arg>address</arg>
<arg>${robot_order}[Address]</arg>
<doc>Types the given ``text`` into the text field identified by ``locator``.</doc>
<msg timestamp="20230629 08:53:10.694" level="INFO">Typing text 'Address 123' into text field 'address'.</msg>
<status status="PASS" starttime="20230629 08:53:10.692" endtime="20230629 08:53:10.948"/>
</kw>
<kw name="Input Text" library="RPA.Browser.Selenium">
<arg>xpath:/html/body/div/div/div[1]/div/div[1]/form/div[3]/input</arg>
<arg>${robot_order}[Legs]</arg>
<doc>Types the given ``text`` into the text field identified by ``locator``.</doc>
<msg timestamp="20230629 08:53:10.950" level="INFO">Typing text '3' into text field 'xpath:/html/body/div/div/div[1]/div/div[1]/form/div[3]/input'.</msg>
<status status="PASS" starttime="20230629 08:53:10.949" endtime="20230629 08:53:11.084"/>
</kw>
<kw name="Click Button" library="RPA.Browser.Selenium">
<arg>preview</arg>
<doc>Clicks the button identified by ``locator``.</doc>
<msg timestamp="20230629 08:53:11.086" level="INFO">Clicking button 'preview'.</msg>
<status status="PASS" starttime="20230629 08:53:11.085" endtime="20230629 08:53:11.274"/>
</kw>
<status status="PASS" starttime="20230629 08:53:10.067" endtime="20230629 08:53:11.274"/>
</kw>
<break>
<status status="PASS" starttime="20230629 08:53:11.275" endtime="20230629 08:53:11.276"/>
</break>
<status status="PASS" starttime="20230629 08:53:10.063" endtime="20230629 08:53:11.276"/>
</iter>
<status status="PASS" starttime="20230629 08:53:10.061" endtime="20230629 08:53:11.277"/>
</for>
<status status="PASS" starttime="20230629 08:53:10.028" endtime="20230629 08:53:11.278"/>
</kw>
<status status="PASS" starttime="20230629 08:53:01.646" endtime="20230629 08:53:11.283"/>
</test>
<doc>Orders robots from RobotSpareBin Industries Inc.
Saves the order HTML receipt as a PDF file.
Saves the screenshot of the ordered robot.
Embeds the screenshot of the robot to the PDF receipt.
Creates ZIP archive of the receipts and the images.</doc>
<status status="PASS" starttime="20230629 08:52:46.523" endtime="20230629 08:53:11.291"/>
</suite>
<statistics>
<total>
<stat pass="1" fail="0" skip="0">All Tasks</stat>
</total>
<tag>
</tag>
<suite>
<stat pass="1" fail="0" skip="0" id="s1" name="Tasks">Tasks</stat>
</suite>
</statistics>
<errors>
<msg timestamp="20230629 08:53:01.643" level="WARN">No input work items file found: None</msg>
</errors>
</robot>
